{
  "RSpec": {
    "coverage": {
      "/Users/charlesellison/turing/3module/projects/the_pivot/app/helpers/application_helper.rb": [
        1,
        1,
        4,
        null,
        null
      ],
      "/Users/charlesellison/turing/3module/projects/the_pivot/app/models/cart.rb": [
        1,
        1,
        null,
        1,
        137,
        null,
        null,
        1,
        6,
        6,
        null,
        null,
        1,
        7,
        10,
        null,
        null,
        null,
        1,
        6,
        null,
        null,
        1,
        12,
        15,
        null,
        null,
        null,
        1,
        3,
        null,
        null,
        1,
        107,
        null,
        null,
        null,
        1,
        0,
        null,
        null,
        null
      ],
      "/Users/charlesellison/turing/3module/projects/the_pivot/app/models/category.rb": [
        1,
        1,
        null,
        1,
        1,
        null,
        1,
        7,
        null,
        null
      ],
      "/Users/charlesellison/turing/3module/projects/the_pivot/app/models/order_photo.rb": [
        1,
        1,
        1,
        1,
        null,
        1,
        null
      ],
      "/Users/charlesellison/turing/3module/projects/the_pivot/app/models/order.rb": [
        1,
        1,
        null,
        1,
        1,
        1,
        null,
        1,
        3,
        null,
        null,
        1,
        1,
        null,
        null,
        1,
        3,
        null,
        null,
        1,
        2,
        null,
        null,
        null
      ],
      "/Users/charlesellison/turing/3module/projects/the_pivot/app/models/photo_category.rb": [
        1,
        1,
        1,
        null
      ],
      "/Users/charlesellison/turing/3module/projects/the_pivot/app/models/photo.rb": [
        1,
        1,
        1,
        1,
        1,
        1,
        1,
        null,
        1,
        null,
        1,
        16,
        null,
        null
      ],
      "/Users/charlesellison/turing/3module/projects/the_pivot/app/models/role.rb": [
        1,
        1,
        1,
        1,
        null
      ],
      "/Users/charlesellison/turing/3module/projects/the_pivot/app/models/user_role.rb": [
        1,
        1,
        1,
        1,
        null,
        1,
        1,
        null
      ],
      "/Users/charlesellison/turing/3module/projects/the_pivot/app/models/user.rb": [
        1,
        1,
        1,
        1,
        1,
        1,
        1,
        1,
        null,
        null,
        1,
        239,
        null,
        null,
        1,
        154,
        null,
        null,
        1,
        157,
        null,
        null,
        null
      ],
      "/Users/charlesellison/turing/3module/projects/the_pivot/app/models/vendor.rb": [
        1,
        1,
        1,
        1,
        1,
        1,
        1,
        1,
        1,
        null,
        1,
        null,
        1,
        33,
        null,
        null,
        1,
        44,
        null,
        null
      ],
      "/Users/charlesellison/turing/3module/projects/the_pivot/app/controllers/users_controller.rb": [
        1,
        1,
        null,
        1,
        1,
        null,
        null,
        1,
        7,
        null,
        null,
        1,
        4,
        4,
        1,
        1,
        1,
        null,
        3,
        3,
        null,
        null,
        null,
        1,
        2,
        1,
        1,
        null,
        1,
        1,
        null,
        null,
        null,
        1,
        21,
        null,
        null,
        1,
        null,
        1,
        6,
        null,
        null
      ],
      "/Users/charlesellison/turing/3module/projects/the_pivot/app/controllers/application_controller.rb": [
        1,
        1,
        1,
        1,
        1,
        1,
        1,
        1,
        null,
        1,
        26,
        0,
        null,
        null,
        null,
        1,
        null,
        null,
        133,
        null,
        null,
        1,
        133,
        6,
        null,
        null,
        null,
        1,
        166,
        null,
        null,
        1,
        133,
        null,
        null,
        1,
        133,
        null,
        null,
        1,
        133,
        null,
        null,
        1,
        10,
        null,
        null,
        1,
        133,
        null,
        null
      ],
      "/Users/charlesellison/turing/3module/projects/the_pivot/app/services/permissions.rb": [
        1,
        null,
        1,
        null,
        1,
        null,
        null,
        null,
        null,
        1,
        133,
        133,
        133,
        null,
        null,
        null,
        1,
        null,
        25,
        25,
        28,
        55,
        133,
        null,
        null,
        null,
        1,
        null,
        1,
        null,
        null,
        null,
        25,
        null,
        null,
        1,
        null,
        null,
        50,
        null,
        null,
        1,
        null,
        null,
        null,
        null,
        78,
        null,
        null,
        1,
        null,
        null,
        null,
        null,
        null,
        133,
        null,
        null,
        1,
        1285,
        null,
        null,
        1,
        139,
        null,
        null,
        1,
        324,
        null,
        null
      ],
      "/Users/charlesellison/turing/3module/projects/the_pivot/app/controllers/vendors_controller.rb": [
        1,
        1,
        12,
        12,
        null,
        null,
        1,
        5,
        null,
        null,
        1,
        1,
        null,
        null,
        1,
        null,
        5,
        5,
        3,
        3,
        3,
        null,
        2,
        2,
        null,
        null,
        null,
        1,
        null,
        1,
        5,
        null,
        null
      ],
      "/Users/charlesellison/turing/3module/projects/the_pivot/app/controllers/categories_controller.rb": [
        1,
        null,
        1,
        1,
        1,
        null,
        null,
        null
      ],
      "/Users/charlesellison/turing/3module/projects/the_pivot/app/controllers/photos_controller.rb": [
        1,
        null,
        1,
        19,
        19,
        19,
        null,
        null,
        1,
        2,
        null,
        2,
        1,
        1,
        null,
        1,
        1,
        null,
        null,
        null,
        1,
        1,
        null,
        null,
        1,
        null,
        1,
        2,
        null,
        null,
        null
      ],
      "/Users/charlesellison/turing/3module/projects/the_pivot/app/controllers/platform_admin/dashboard_controller.rb": [
        1,
        1,
        8,
        null,
        null
      ],
      "/Users/charlesellison/turing/3module/projects/the_pivot/app/controllers/platform_admin/vendors_controller.rb": [
        1,
        1,
        1,
        null,
        null,
        1,
        2,
        1,
        1,
        1,
        null,
        1,
        1,
        1,
        null,
        2,
        null,
        null,
        1,
        1,
        1,
        1,
        1,
        1,
        null,
        null,
        1,
        null,
        1,
        1,
        null,
        null
      ],
      "/Users/charlesellison/turing/3module/projects/the_pivot/app/controllers/platform_admin/photos_controller.rb": [
        1,
        1,
        4,
        null,
        null,
        1,
        1,
        null,
        null,
        1,
        1,
        1,
        1,
        1,
        1,
        null,
        null,
        1,
        1,
        1,
        1,
        1,
        1,
        null,
        null,
        1,
        null,
        1,
        1,
        null,
        null,
        null,
        null,
        null,
        null
      ],
      "/Users/charlesellison/turing/3module/projects/the_pivot/app/controllers/carts_controller.rb": [
        1,
        null,
        1,
        5,
        5,
        5,
        5,
        5,
        5,
        null,
        null,
        1,
        5,
        null,
        null,
        1,
        1,
        1,
        1,
        null,
        null,
        null
      ],
      "/Users/charlesellison/turing/3module/projects/the_pivot/app/controllers/orders_controller.rb": [
        1,
        1,
        null,
        1,
        2,
        null,
        null,
        1,
        2,
        null,
        null,
        1,
        1,
        1,
        1,
        1,
        1,
        null,
        0,
        null,
        null,
        null,
        null
      ],
      "/Users/charlesellison/turing/3module/projects/the_pivot/app/models/order_generator.rb": [
        1,
        null,
        1,
        2,
        2,
        null,
        null,
        1,
        2,
        3,
        null,
        null,
        null,
        null,
        null,
        null,
        null,
        null
      ],
      "/Users/charlesellison/turing/3module/projects/the_pivot/app/controllers/sessions_controller.rb": [
        1,
        null,
        1,
        5,
        5,
        null,
        5,
        4,
        4,
        4,
        3,
        3,
        null,
        1,
        1,
        null,
        null,
        null,
        1,
        1,
        1,
        null,
        null
      ],
      "/Users/charlesellison/turing/3module/projects/the_pivot/app/services/sessions_router.rb": [
        1,
        null,
        1,
        3,
        null,
        null,
        1,
        5,
        null,
        null,
        null
      ],
      "/Users/charlesellison/turing/3module/projects/the_pivot/app/controllers/vendor_admin/vendors_controller.rb": [
        1,
        1,
        1,
        null,
        null,
        1,
        3,
        null,
        3,
        2,
        1,
        null,
        1,
        null,
        2,
        null,
        1,
        1,
        null,
        null,
        null,
        1,
        1,
        3,
        null,
        null
      ],
      "/Users/charlesellison/turing/3module/projects/the_pivot/app/controllers/downloads_controller.rb": [
        0,
        0,
        0,
        0,
        0,
        0
      ]
    },
    "timestamp": 1463612133
  }
}
