{
  "RSpec": {
    "coverage": {
      "/Users/charlesellison/turing/3module/projects/the_pivot/app/helpers/application_helper.rb": [
        1,
        1,
        4,
        null,
        null
      ],
      "/Users/charlesellison/turing/3module/projects/the_pivot/app/helpers/platform_admin_vendors_helper.rb": [
        1,
        1,
        6,
        null,
        null,
        1,
        6,
        null,
        null
      ],
      "/Users/charlesellison/turing/3module/projects/the_pivot/app/models/cart.rb": [
        1,
        1,
        null,
        1,
        151,
        null,
        null,
        1,
        5,
        5,
        null,
        null,
        1,
        6,
        9,
        null,
        null,
        null,
        1,
        5,
        null,
        null,
        1,
        9,
        13,
        null,
        null,
        null,
        1,
        3,
        null,
        null,
        1,
        5,
        null,
        null,
        null,
        1,
        0,
        null,
        null,
        null
      ],
      "/Users/charlesellison/turing/3module/projects/the_pivot/app/models/category.rb": [
        1,
        1,
        null,
        1,
        1,
        null,
        1,
        6,
        null,
        null
      ],
      "/Users/charlesellison/turing/3module/projects/the_pivot/app/models/order_photo.rb": [
        1,
        1,
        1,
        1,
        null,
        1,
        null
      ],
      "/Users/charlesellison/turing/3module/projects/the_pivot/app/models/order.rb": [
        1,
        1,
        null,
        1,
        1,
        1,
        null,
        1,
        3,
        null,
        null,
        1,
        1,
        null,
        null,
        1,
        3,
        null,
        null,
        1,
        2,
        null,
        null,
        null
      ],
      "/Users/charlesellison/turing/3module/projects/the_pivot/app/models/photo_category.rb": [
        1,
        1,
        1,
        null
      ],
      "/Users/charlesellison/turing/3module/projects/the_pivot/app/models/photo.rb": [
        1,
        1,
        1,
        1,
        1,
        1,
        1,
        null,
        1,
        null,
        1,
        16,
        null,
        null
      ],
      "/Users/charlesellison/turing/3module/projects/the_pivot/app/models/role.rb": [
        1,
        1,
        1,
        1,
        null,
        1,
        1,
        null,
        null
      ],
      "/Users/charlesellison/turing/3module/projects/the_pivot/app/models/user_role.rb": [
        1,
        1,
        1,
        1,
        null,
        1,
        1,
        null,
        null
      ],
      "/Users/charlesellison/turing/3module/projects/the_pivot/app/models/user.rb": [
        1,
        1,
        1,
        1,
        1,
        1,
        1,
        1,
        null,
        null,
        1,
        163,
        null,
        null,
        1,
        117,
        null,
        null,
        1,
        100,
        null,
        null,
        null
      ],
      "/Users/charlesellison/turing/3module/projects/the_pivot/app/models/vendor.rb": [
        1,
        1,
        null,
        1,
        1,
        1,
        1,
        null,
        1,
        null,
        1,
        null,
        1,
        9,
        null,
        null,
        1,
        39,
        null,
        null
      ],
      "/Users/charlesellison/turing/3module/projects/the_pivot/app/controllers/users_controller.rb": [
        1,
        1,
        null,
        1,
        1,
        null,
        null,
        1,
        7,
        null,
        null,
        1,
        4,
        4,
        1,
        1,
        1,
        1,
        1,
        null,
        3,
        3,
        null,
        null,
        null,
        1,
        1,
        1,
        1,
        null,
        0,
        0,
        null,
        null,
        null,
        1,
        16,
        null,
        null,
        1,
        null,
        1,
        5,
        null,
        null
      ],
      "/Users/charlesellison/turing/3module/projects/the_pivot/app/controllers/application_controller.rb": [
        1,
        1,
        1,
        1,
        1,
        1,
        1,
        null,
        1,
        20,
        0,
        null,
        null,
        null,
        1,
        null,
        null,
        147,
        null,
        null,
        1,
        147,
        5,
        null,
        null,
        null,
        1,
        355,
        null,
        null,
        1,
        147,
        null,
        null,
        1,
        147,
        null,
        null,
        null,
        1,
        147,
        null,
        null
      ],
      "/Users/charlesellison/turing/3module/projects/the_pivot/app/services/permissions.rb": [
        1,
        1,
        null,
        1,
        null,
        null,
        null,
        null,
        1,
        147,
        147,
        147,
        null,
        null,
        null,
        1,
        null,
        30,
        17,
        25,
        75,
        147,
        null,
        null,
        1,
        null,
        1,
        null,
        null,
        null,
        30,
        null,
        null,
        1,
        null,
        null,
        47,
        null,
        null,
        1,
        null,
        null,
        null,
        null,
        72,
        null,
        null,
        1,
        null,
        null,
        null,
        null,
        null,
        147,
        null,
        null,
        1,
        1354,
        null,
        null,
        1,
        108,
        null,
        null,
        1,
        364,
        null,
        null
      ],
      "/Users/charlesellison/turing/3module/projects/the_pivot/app/controllers/sessions_controller.rb": [
        1,
        1,
        null,
        null,
        1,
        16,
        16,
        16,
        16,
        5,
        null,
        11,
        null,
        null,
        0,
        0,
        null,
        null,
        null,
        1,
        2,
        2,
        null,
        null
      ],
      "/Users/charlesellison/turing/3module/projects/the_pivot/app/controllers/vendors_controller.rb": [
        1,
        1,
        10,
        10,
        null,
        null,
        1,
        6,
        null,
        null,
        1,
        1,
        null,
        null,
        1,
        1,
        1,
        1,
        1,
        1,
        1,
        null,
        0,
        0,
        null,
        null,
        null,
        1,
        null,
        1,
        1,
        null,
        null
      ],
      "/Users/charlesellison/turing/3module/projects/the_pivot/app/controllers/categories_controller.rb": [
        1,
        null,
        1,
        1,
        1,
        null,
        null,
        null,
        null,
        null,
        null,
        null,
        null,
        null,
        null,
        null,
        null
      ],
      "/Users/charlesellison/turing/3module/projects/the_pivot/app/controllers/photos_controller.rb": [
        1,
        null,
        1,
        16,
        16,
        null,
        null,
        1,
        1,
        null,
        1,
        1,
        1,
        null,
        0,
        0,
        null,
        null,
        null,
        1,
        1,
        null,
        null,
        1,
        null,
        1,
        1,
        null,
        null,
        null
      ],
      "/Users/charlesellison/turing/3module/projects/the_pivot/app/controllers/platform_admin/dashboard_controller.rb": [
        1,
        1,
        null,
        null
      ],
      "/Users/charlesellison/turing/3module/projects/the_pivot/app/controllers/platform_admin/vendors_controller.rb": [
        1,
        1,
        6,
        null,
        null,
        1,
        1,
        null,
        null,
        1,
        2,
        1,
        1,
        1,
        1,
        null,
        1,
        1,
        1,
        null,
        2,
        null,
        null,
        1,
        1,
        1,
        1,
        1,
        1,
        null,
        null,
        1,
        null,
        1,
        1,
        null,
        null
      ],
      "/Users/charlesellison/turing/3module/projects/the_pivot/app/controllers/platform_admin/photos_controller.rb": [
        1,
        1,
        4,
        null,
        null,
        1,
        1,
        null,
        null,
        1,
        1,
        1,
        1,
        1,
        1,
        null,
        null,
        1,
        1,
        1,
        1,
        1,
        null,
        null,
        1,
        null,
        1,
        1,
        null,
        null,
        null,
        null,
        null,
        null
      ],
      "/Users/charlesellison/turing/3module/projects/the_pivot/app/controllers/carts_controller.rb": [
        1,
        null,
        1,
        4,
        4,
        4,
        4,
        null,
        null,
        1,
        3,
        null,
        null,
        1,
        null,
        0,
        0,
        0,
        null,
        null,
        null
      ],
      "/Users/charlesellison/turing/3module/projects/the_pivot/app/controllers/orders_controller.rb": [
        1,
        1,
        null,
        1,
        2,
        null,
        null,
        1,
        2,
        null,
        null,
        1,
        1,
        1,
        1,
        1,
        1,
        null,
        0,
        null,
        null,
        null,
        null
      ],
      "/Users/charlesellison/turing/3module/projects/the_pivot/app/models/order_generator.rb": [
        1,
        null,
        1,
        2,
        2,
        null,
        null,
        1,
        2,
        3,
        null,
        null,
        null,
        null,
        null,
        null,
        null,
        null
      ],
      "/Users/charlesellison/turing/3module/projects/the_pivot/app/controllers/vendor_admin/vendors_controller.rb": [
        1,
        1,
        3,
        null,
        null,
        1,
        2,
        2,
        2,
        1,
        null,
        1,
        null,
        2,
        null,
        0,
        0,
        null,
        null,
        null,
        1,
        1,
        2,
        null,
        null,
        null
      ],
      "/Users/charlesellison/turing/3module/projects/the_pivot/app/controllers/downloads_controller.rb": [
        0,
        0,
        0,
        0,
        0,
        0
      ],
      "/Users/charlesellison/turing/3module/projects/the_pivot/app/controllers/pending_controller.rb": [
        0,
        0,
        0,
        0,
        0
      ]
    },
    "timestamp": 1463335332
  }
}
